    -----DSS---ZOPEN:  Existing File Opened,  File: D:\Gustavo\Proy_en_curso\inundaciones\Tucuman\DETEM_TafiViejo\HMS\subcuenca5_alos_palsar\Feb12_2001.dss
                       Unit:    3;  DSS Versions - Software: 6-YN, File: 6-YN,  Library 7-HK
    -----DSS---ZOPEN:  Existing File Opened,  File: D:\Gustavo\Proy_en_curso\inundaciones\Tucuman\DETEM_TafiViejo\HMS\subcuenca5_alos_palsar\Frecuencia_1_.dss
                       Unit:    4;  DSS Versions - Software: 6-YN, File: 6-YN,  Library 7-HK
    -----DSS---ZOPEN:  Existing File Opened,  File: D:\Gustavo\Proy_en_curso\inundaciones\Tucuman\DETEM_TafiViejo\HMS\subcuenca5_alos_palsar\Run_1.dss
                       Unit:    5;  DSS Versions - Software: 6-YN, File: 6-YN,  Library 7-HK
    -----DSS---zclose6 Unit:    3,   File: D:\Gustavo\Proy_en_curso\inundaciones\Tucuman\DETEM_TafiViejo\HM
               Pointer Utilization:  0.25
               Number of Records:     19
               File Size:    420.7  Kbytes
               Percent Inactive:   0.0
               Number of Reads:       39
    -----DSS---zclose6 Unit:    4,   File: D:\Gustavo\Proy_en_curso\inundaciones\Tucuman\DETEM_TafiViejo\HM
               Pointer Utilization:  0.00
               Number of Records:      0
               File Size:     25.6  Kbytes
               Percent Inactive:   0.0
               Number of Reads:       39
    -----DSS---zclose6 Unit:    5,   File: D:\Gustavo\Proy_en_curso\inundaciones\Tucuman\DETEM_TafiViejo\HM
               Pointer Utilization:  0.00
               Number of Records:      0
               File Size:     25.6  Kbytes
               Percent Inactive:   0.0
               Number of Reads:       39
