    -----DSS---ZOPEN:  Existing File Opened,  File: D:\Gustavo\Proy_en_curso\inundaciones\Tucuman\DETEM_TafiViejo\HMS\subcuenca1_alos_palsar\subcuenca1_alos_palsar.dss
                       Unit:    3;  DSS Versions - Software: 6-YN, File: 6-YN,  Library 7-HK
    -----DSS---ZOPEN:  Existing File Opened,  File: D:\Gustavo\Proy_en_curso\inundaciones\Tucuman\DETEM_TafiViejo\HMS\subcuenca1_alos_palsar\Feb12_2001_atraso_sc3.dss
                       Unit:    4;  DSS Versions - Software: 6-YN, File: 6-YN,  Library 7-HK
 -----DSS*** zrrts6:  CAUTION - Data block not found in file.  Unit:    4
 Pathname: //SC3/FLOW/01FEB2001/15MIN/RUN:FEB12_2001_ATRASO_SC3/
 -----DSS*** zrrts6:  CAUTION - Data block not found in file.  Unit:    4
 Pathname: //SC1/FLOW/01FEB2001/15MIN/RUN:FEB12_2001_ATRASO_SC3/
 -----DSS*** zrrts6:  CAUTION - Data block not found in file.  Unit:    4
 Pathname: //J2/FLOW-LOCAL/01FEB2001/15MIN/RUN:FEB12_2001_ATRASO_SC3/
 -----DSS*** zrrts6:  CAUTION - Data block not found in file.  Unit:    4
 Pathname: //J2/FLOW-LOCAL-SIM/01FEB2001/15MIN/RUN:FEB12_2001_ATRASO_SC3/
 -----DSS*** zrrts6:  CAUTION - Data block not found in file.  Unit:    4
 Pathname: //R2/FLOW/01FEB2001/15MIN/RUN:FEB12_2001_ATRASO_SC3/
 -----DSS*** zrrts6:  CAUTION - Data block not found in file.  Unit:    4
 Pathname: //SC2/FLOW/01FEB2001/15MIN/RUN:FEB12_2001_ATRASO_SC3/
 -----DSS*** zrrts6:  CAUTION - Data block not found in file.  Unit:    4
 Pathname: //SC4/FLOW/01FEB2001/15MIN/RUN:FEB12_2001_ATRASO_SC3/
 -----DSS*** zrrts6:  CAUTION - Data block not found in file.  Unit:    4
 Pathname: //J1/FLOW-LOCAL/01FEB2001/15MIN/RUN:FEB12_2001_ATRASO_SC3/
 -----DSS*** zrrts6:  CAUTION - Data block not found in file.  Unit:    4
 Pathname: //J1/FLOW-LOCAL-SIM/01FEB2001/15MIN/RUN:FEB12_2001_ATRASO_SC3/
 -----DSS*** zrrts6:  CAUTION - Data block not found in file.  Unit:    4
 Pathname: //R1/FLOW/01FEB2001/15MIN/RUN:FEB12_2001_ATRASO_SC3/
 -----DSS*** zrrts6:  CAUTION - Data block not found in file.  Unit:    4
 Pathname: //SC5/FLOW/01FEB2001/15MIN/RUN:FEB12_2001_ATRASO_SC3/
