    -----DSS---ZOPEN:  Existing File Opened,  File: D:\Gustavo\Proy_en_curso\inundaciones\Tucuman\DETEM_TafiViejo\HMS\subcuenca1_alos_palsar\Feb12_2001.dss
                       Unit:    3;  DSS Versions - Software: 6-YN, File: 6-YN,  Library 7-HK
    -----DSS---ZOPEN:  Existing File Opened,  File: D:\Gustavo\Proy_en_curso\inundaciones\Tucuman\DETEM_TafiViejo\HMS\subcuenca1_alos_palsar\Feb12_2001_10_.dss
                       Unit:    4;  DSS Versions - Software: 6-YN, File: 6-YN,  Library 7-HK
    -----DSS---ZOPEN:  Existing File Opened,  File: D:\Gustavo\Proy_en_curso\inundaciones\Tucuman\DETEM_TafiViejo\HMS\subcuenca1_alos_palsar\Feb12_2001_adelanto_sc3.dss
                       Unit:    5;  DSS Versions - Software: 6-YN, File: 6-YN,  Library 7-HK
    -----DSS---ZOPEN:  Existing File Opened,  File: D:\Gustavo\Proy_en_curso\inundaciones\Tucuman\DETEM_TafiViejo\HMS\subcuenca1_alos_palsar\Feb12_2001_atraso_sc3.dss
                       Unit:    6;  DSS Versions - Software: 6-YN, File: 6-YN,  Library 7-HK
    -----DSS---zclose6 Unit:    3,   File: D:\Gustavo\Proy_en_curso\inundaciones\Tucuman\DETEM_TafiViejo\HM
               Pointer Utilization:  0.27
               Number of Records:     95
               File Size:   2033.8  Kbytes
               Percent Inactive:   0.0
               Number of Reads:      171
    -----DSS---zclose6 Unit:    4,   File: D:\Gustavo\Proy_en_curso\inundaciones\Tucuman\DETEM_TafiViejo\HM
               Pointer Utilization:  0.28
               Number of Records:     95
               File Size:   2034.5  Kbytes
               Percent Inactive:   0.0
               Number of Reads:      171
    -----DSS---zclose6 Unit:    5,   File: D:\Gustavo\Proy_en_curso\inundaciones\Tucuman\DETEM_TafiViejo\HM
               Pointer Utilization:  0.27
               Number of Records:     95
               File Size:   2035.2  Kbytes
               Percent Inactive:   0.0
               Number of Reads:      171
    -----DSS---zclose6 Unit:    6,   File: D:\Gustavo\Proy_en_curso\inundaciones\Tucuman\DETEM_TafiViejo\HM
               Pointer Utilization:  0.26
               Number of Records:     95
               File Size:   2035.1  Kbytes
               Percent Inactive:   0.0
               Number of Reads:      171
