 -----DSS*** zrrts6:  CAUTION - Data block not found in file.  Unit:    3
 Pathname: //HIETOGRAMA 1%/PRECIP-INC/01DEC2021/15MIN/GAGE/
    -----DSS---ZOPEN:  Existing File Opened,  File: D:\Gustavo\Proy_en_curso\inundaciones\Tucuman\DETEM_TafiViejo\HMS\subcuenca6_alos_palsar\Hietograma_1_.dss
                       Unit:    4;  DSS Versions - Software: 6-YN, File: 6-YN,  Library 7-HK
 -----DSS*** zrrts6:  CAUTION - Data block not found in file.  Unit:    3
 Pathname: //HIETOGRAMA 1%/PRECIP-INC/01DEC2021/15MIN/GAGE/
 -----DSS*** zrrts6:  CAUTION - Data block not found in file.  Unit:    3
 Pathname: //HIETOGRAMA 1%/PRECIP-INC/01DEC2021/15MIN/GAGE/
 -----DSS*** zrrts6:  CAUTION - Data block not found in file.  Unit:    4
 Pathname: //SC1/FLOW/31DEC2021/5MIN/RUN:HIETOGRAMA 1%/
 -----DSS*** zrrts6:  CAUTION - Data block not found in file.  Unit:    4
 Pathname: //SC2/FLOW/31DEC2021/5MIN/RUN:HIETOGRAMA 1%/
 -----DSS*** zrrts6:  CAUTION - Data block not found in file.  Unit:    4
 Pathname: //J1/FLOW-LOCAL/31DEC2021/5MIN/RUN:HIETOGRAMA 1%/
 -----DSS*** zrrts6:  CAUTION - Data block not found in file.  Unit:    4
 Pathname: //J1/FLOW-LOCAL-SIM/31DEC2021/5MIN/RUN:HIETOGRAMA 1%/
 -----DSS*** zrrts6:  CAUTION - Data block not found in file.  Unit:    4
 Pathname: //R1/FLOW/31DEC2021/5MIN/RUN:HIETOGRAMA 1%/
 -----DSS*** zrrts6:  CAUTION - Data block not found in file.  Unit:    4
 Pathname: //SC3/FLOW/31DEC2021/5MIN/RUN:HIETOGRAMA 1%/
