    -----DSS---ZOPEN:  Existing File Opened,  File: D:\Gustavo\Proy_en_curso\inundaciones\Tucuman\DETEM_TafiViejo\HMS\subcuenca6_alos_palsar\Feb12_2001.dss
                       Unit:    3;  DSS Versions - Software: 6-YN, File: 6-YN,  Library 7-HK
    -----DSS---ZOPEN:  Existing File Opened,  File: D:\Gustavo\Proy_en_curso\inundaciones\Tucuman\DETEM_TafiViejo\HMS\subcuenca6_alos_palsar\Hietograma_1_.dss
                       Unit:    4;  DSS Versions - Software: 6-YN, File: 6-YN,  Library 7-HK
    -----DSS---ZOPEN:  Existing File Opened,  File: D:\Gustavo\Proy_en_curso\inundaciones\Tucuman\DETEM_TafiViejo\HMS\subcuenca6_alos_palsar\Frecuencia_1_.dss
                       Unit:    5;  DSS Versions - Software: 6-YN, File: 6-YN,  Library 7-HK
    -----DSS---zclose6 Unit:    3,   File: D:\Gustavo\Proy_en_curso\inundaciones\Tucuman\DETEM_TafiViejo\HM
               Pointer Utilization:  0.25
               Number of Records:     57
               File Size:   1227.3  Kbytes
               Percent Inactive:   0.0
               Number of Reads:        2
    -----DSS---zclose6 Unit:    4,   File: D:\Gustavo\Proy_en_curso\inundaciones\Tucuman\DETEM_TafiViejo\HM
               Pointer Utilization:  0.25
               Number of Records:     84
               File Size:    269.3  Kbytes
               Percent Inactive:   0.0
               Number of Reads:        2
    -----DSS---zclose6 Unit:    5,   File: D:\Gustavo\Proy_en_curso\inundaciones\Tucuman\DETEM_TafiViejo\HM
               Pointer Utilization:  0.13
               Number of Records:     87
               File Size:    529.4  Kbytes
               Percent Inactive:  37.8
               Number of Reads:        2
